make.exe all --print-data-base --no-builtin-variables --no-builtin-rules --question
# GNU Make 3.81
# Copyright (C) 2006  Free Software Foundation, Inc.
# This is free software; see the source for copying conditions.
# There is NO warranty; not even for MERCHANTABILITY or FITNESS FOR A
# PARTICULAR PURPOSE.

# This program built for i386-pc-mingw32
 

# Make data base, printed on Tue Aug 23 16:05:01 2022

# Variables

# automatic
<D = $(patsubst %/,%,$(dir $<))
# automatic
?F = $(notdir $?)
# environment
ELECTRON_NO_ATTACH_CONSOLE = 1
# makefile
MAKEFLAGS = Rrqp
# automatic
?D = $(patsubst %/,%,$(dir $?))
# automatic
@D = $(patsubst %/,%,$(dir $@))
# environment
HOMEDRIVE = C:
# automatic
@F = $(notdir $@)
# automatic
^D = $(patsubst %/,%,$(dir $^))
# makefile
CURDIR := d:/FWD
# default
SHELL := D:/WinAVR-20100110/utils/bin/sh.exe
# environment
WINDIR = C:\Windows
# environment
VSCODE_NLS_CONFIG = {"locale":"en-us","availableLanguages":{},"_languagePackSupport":true}
# environment
VBOX_MSI_INSTALL_PATH = D:\Oracle\
# environment
ONEDRIVE = C:\Users\MG\OneDrive
# environment
PUBLIC = C:\Users\Public
# environment
PATHEXT = .COM;.EXE;.BAT;.CMD;.VBS;.VBE;.JS;.JSE;.WSF;.WSH;.MSC;.PY;.PYW
# makefile (from `makefile', line 1)
MAKEFILE_LIST :=  makefile
# environment
FPS_BROWSER_USER_PROFILE_STRING = Default
# environment
TMP = C:\Users\MG\AppData\Local\Temp
# environment
PROGRAMW6432 = C:\Program Files
# environment
PROGRAMDATA = C:\ProgramData
# environment
VSCODE_CWD = D:\FWD
# environment
PATH = C:\Program Files\Common Files\Oracle\Java\javapath;C:\Python310\Scripts\;C:\Python310\;D:\WinAVR-20100110\bin;D:\WinAVR-20100110\utils\bin;C:\Program Files (x86)\Intel\iCLS Client\;C:\Program Files\Intel\iCLS Client\;C:\Windows\system32;C:\Windows;C:\Windows\System32\Wbem;C:\Windows\System32\WindowsPowerShell\v1.0\;C:\Program Files (x86)\Intel\Intel(R) Management Engine Components\DAL;C:\Program Files\Intel\Intel(R) Management Engine Components\DAL;C:\Program Files (x86)\Intel\Intel(R) Management Engine Components\IPT;C:\Program Files\Intel\Intel(R) Management Engine Components\IPT;C:\Program Files (x86)\AMD\ATI.ACE\Core-Static;D:\Mingw_compiler\bin;C:\Program Files (x86)\Labcenter Electronics\Proteus 8 Professional\Tools\AVRDUDE;D:\usbasp.2011-05-28;D:\WinAVR-20100110\bin;D:\PuTTY\;D:\nodejs\;C:\ProgramData\chocolatey\bin;D:\Polyspace\R2020b\runtime\win64;D:\Polyspace\R2020b\bin;D:\Polyspace\R2020b\polyspace\bin;D:\php-8.1.6-nts-Win32-vs16-x64;D:\Git\cmd;D:\Java\jdk-17\bin;C:\Users\MG\AppData\Roaming\xPacks\@xpack-dev-tools\arm-none-eabi-gcc\11.2.1-1.2.2\.content\bin;c:\python310\lib\site-packages;D:\Notepad++;c:\python310\lib\site-packages;C:\Python310\Lib\site-packages\virtualenv;C:\Users\MG\AppData\Local\Microsoft\WindowsApps;D:\Microsoft VS Code\bin;D:\WinAVR-20100110\bin;C:\Users\MG\AppData\Roaming\npm;D:\nodejs;D:\WinAVR-20100110\avr\include;C:\Python310\Lib\site-packages\virtualenv;
# environment
COMMONPROGRAMW6432 = C:\Program Files\Common Files
# environment
CHOCOLATEYLASTPATHUPDATE = 132964336308432488
# environment
PROCESSOR_ARCHITECTURE = x86
# environment
USERPROFILE = C:\Users\MG
# environment
CHOCOLATEYINSTALL = C:\ProgramData\chocolatey
# environment
ALLUSERSPROFILE = C:\ProgramData
# environment
NUMBER_OF_PROCESSORS = 8
# environment
ELECTRON_RUN_AS_NODE = 1
# default
.FEATURES := target-specific order-only second-expansion else-if archives
# automatic
%F = $(notdir $%)
# environment
CHROME_CRASHPAD_PIPE_NAME = \\.\pipe\crashpad_2952_DTTIWCPZBQUQFWNH
# environment
COMPUTERNAME = DESKTOP-V2B0S9J
# environment
PROGRAMFILES = C:\Program Files (x86)
# environment
ORIGINAL_XDG_CURRENT_DESKTOP = undefined
# environment
AVR32_HOME = D:\WinAVR-20100110
# environment
USERNAME = MG
# environment
KMP_DUPLICATE_LIB_OK = TRUE
# environment
VSCODE_AMD_ENTRYPOINT = vs/workbench/api/node/extensionHostProcess
# environment
VSCODE_CLI = 1
# environment
FREERTOS_PATH = D:\FreeRTOS\FreeRTOSv202012.00
# environment
VSCODE_CODE_CACHE_PATH = C:\Users\MG\AppData\Roaming\Code\CachedData\e4503b30fc78200f846c62cf8091b76ff5547662
# environment
APPLICATION_INSIGHTS_NO_DIAGNOSTIC_CHANNEL = 1
# environment
COMMONPROGRAMFILES = C:\Program Files (x86)\Common Files
# environment
LOGONSERVER = \\DESKTOP-V2B0S9J
# environment
VSCODE_HANDLES_UNCAUGHT_ERRORS = true
# environment
USERDOMAIN = DESKTOP-V2B0S9J
# default
MAKE = $(MAKE_COMMAND)
# default
MAKECMDGOALS := all
# makefile (from `makefile', line 2)
OBJECT_FILE := application.o
# makefile (from `makefile', line 4)
CC := gcc
# default
MAKE_VERSION := 3.81
# makefile
.DEFAULT_GOAL := default
# environment
PROGRAMFILES(X86) = C:\Program Files (x86)
# automatic
%D = $(patsubst %/,%,$(dir $%))
# environment
LOCALAPPDATA = C:\Users\MG\AppData\Local
# environment
PSMODULEPATH = C:\Program Files\WindowsPowerShell\Modules;C:\Windows\system32\WindowsPowerShell\v1.0\Modules
# default
MAKE_COMMAND := make.exe
# environment
PROCESSOR_ARCHITEW6432 = AMD64
# default
.VARIABLES := 
# automatic
*F = $(notdir $*)
# environment
PROCESSOR_IDENTIFIER = Intel64 Family 6 Model 60 Stepping 3, GenuineIntel
# environment
OS = Windows_NT
# environment
VSCODE_IPC_HOOK = \\.\pipe\ec360f39d83c9001ed89d26055a5759e-1.70.2-main-sock
# environment
HOMEPATH = \Users\MG
# environment
COMMONPROGRAMFILES(X86) = C:\Program Files (x86)\Common Files
# environment
PROMPT = $P$G
# environment
MFLAGS = -Rrqp
# automatic
*D = $(patsubst %/,%,$(dir $*))
# environment
SYSTEMROOT = C:\Windows
# automatic
+D = $(patsubst %/,%,$(dir $+))
# automatic
+F = $(notdir $+)
# environment
APPDATA = C:\Users\MG\AppData\Roaming
# environment
TEMP = C:\Users\MG\AppData\Local\Temp
# environment
COMSPEC = C:\Windows\system32\cmd.exe
# environment
ADS_LICENSE_FILE = C:\Users\MG\Desktop\ADS 2020.1.1 x64\Keysight Advanced Design System ADS 2020.1.1 x64\Crack\license.lic
# default
MAKEFILES := 
# automatic
<F = $(notdir $<)
# makefile (from `makefile', line 3)
EXECUTABLE := app.exe
# environment
MKL_SERIAL = YES
# environment
LC_ALL = C
# automatic
^F = $(notdir $^)
# default
SUFFIXES := 
# environment
SYSTEMDRIVE = C:
# environment
SESSIONNAME = Console
# environment
PROCESSOR_REVISION = 3c03
# makefile (from `makefile', line 1)
SRCCODE := main.c "Card/card.c" "helper/help.c" "Terminal/terminal.c" "Server/server.c" "Application\app.c"
# environment
MOZ_PLUGIN_PATH = C:\Program Files (x86)\Foxit Software\Foxit Reader\plugins\
# environment
MAKELEVEL := 0
# environment
LANG = C
# environment
PROCESSOR_LEVEL = 6
# environment
FPS_BROWSER_APP_PROFILE_STRING = Internet Explorer
# environment
VSCODE_PID = 2952
# environment
FREERTOS_PATH FREERTOS_PATH = D:\FreeRTOS\FreeRTOSv202012.00
# environment
USERDOMAIN_ROAMINGPROFILE = DESKTOP-V2B0S9J
# variable set hash-table stats:
# Load=98/1024=10%, Rehash=0, Collisions=10/117=9%

# Pattern-specific Variable Values

# No pattern-specific variable values.

# Directories

# C:\Program Files\Common Files\Oracle\Java\javapath (key C:/Program Files/Common Files/Oracle/Java/javapath, mtime 1651965099): 6 files, no impossibilities.
# . (key d:/FWD, mtime 1661263418): 17 files, no impossibilities.
# C:\Python310\ (key C:/Python310/, mtime 1653345379): 20 files, no impossibilities.
# C:\Python310\Scripts\ (key C:/Python310/Scripts/, mtime 1660048549): 13 files, no impossibilities.
# D:\WinAVR-20100110\bin (key D:/WinAVR-20100110/bin, mtime 1651791384): 75 files, no impossibilities.
# D:\WinAVR-20100110\utils\bin (key D:/WinAVR-20100110/utils/bin, mtime 1651792465): 99 files, no impossibilities so far.

# 230 files, no impossibilities in 6 directories.

# Implicit Rules

# No implicit rules.

# Files

# Not a target:
all:
#  Command-line target.
#  Implicit rule search has been done.
#  File does not exist.
#  File has not been updated.
# variable set hash-table stats:
# Load=0/32=0%, Rehash=0, Collisions=0/0=0%

.PHONY: default compile run clean
#  Implicit rule search has not been done.
#  Modification time never checked.
#  File has not been updated.

# Not a target:
.DEFAULT:
#  Implicit rule search has not been done.
#  Modification time never checked.
#  File has not been updated.

# Not a target:
makefile:
#  Implicit rule search has been done.
#  Last modified 2022-08-23 16:01:30
#  File has been updated.
#  Successfully updated.
# variable set hash-table stats:
# Load=0/32=0%, Rehash=0, Collisions=0/0=0%

default: compile
#  Phony target (prerequisite of .PHONY).
#  Implicit rule search has not been done.
#  File does not exist.
#  File has not been updated.

# Not a target:
.SUFFIXES:
#  Implicit rule search has not been done.
#  Modification time never checked.
#  File has not been updated.

compile:
#  Phony target (prerequisite of .PHONY).
#  Implicit rule search has not been done.
#  File does not exist.
#  File has not been updated.
#  commands to execute (from `makefile', line 11):
	@$(CC) $(SRCCODE) -o $(OBJECT_FILE)
	@$(CC) $(SRCCODE) -o $(EXECUTABLE)
	@echo "--------- Program Size ---------"
	@size $(OBJECT_FILE)
	

run: compile
#  Phony target (prerequisite of .PHONY).
#  Implicit rule search has not been done.
#  File does not exist.
#  File has not been updated.
#  commands to execute (from `makefile', line 19):
	@echo "--------- Welcome Payment Application ---------"
	@$(EXECUTABLE)
	

clean:
#  Phony target (prerequisite of .PHONY).
#  Implicit rule search has not been done.
#  File does not exist.
#  File has not been updated.
#  commands to execute (from `makefile', line 24):
	@rm  -f *.exe *.o *.i *.s
	

# files hash-table stats:
# Load=9/1024=1%, Rehash=0, Collisions=0/29=0%
# VPATH Search Paths

# No `vpath' search paths.

# No general (`VPATH' variable) search path.

# # of strings in strcache: 1
# # of strcache buffers: 1
# strcache size: total = 4096 / max = 4096 / min = 4096 / avg = 4096
# strcache free: total = 4087 / max = 4087 / min = 4087 / avg = 4087

# Finished Make data base on Tue Aug 23 16:05:01 2022

 
make.exe: *** No rule to make target `all'.  Stop.

